<?xml version="1.0" encoding="UTF-8"?>
<!-- Generated by org.testng.reporters.JUnitReportReporter -->
<testsuite hostname="DESKTOP-7GLCUIV" failures="0" tests="2" name="scriptOnTestCase.TC_01Test" time="42.991" errors="1" timestamp="2021-08-30T10:56:01 IST" skipped="1">
  <testcase classname="scriptOnTestCase.TC_01Test" name="CreateProductOrder" time="42.991">
    <error message="session not created
from disconnected: unable to send message to renderer
  (Session info: chrome=92.0.4515.159)
Build info: version: &#039;3.141.59&#039;, revision: &#039;e82be7d358&#039;, time: &#039;2018-11-14T08:25:53&#039;
System info: host: &#039;DESKTOP-7GLCUIV&#039;, ip: &#039;172.16.16.76&#039;, os.name: &#039;Windows 10&#039;, os.arch: &#039;amd64&#039;, os.version: &#039;10.0&#039;, java.version: &#039;15.0.2&#039;
Driver info: driver.version: ChromeDriver
remote stacktrace: Backtrace:
	Ordinal0 [0x013E2A33+2501171]
	Ordinal0 [0x0137D1C1+2085313]
	Ordinal0 [0x01281FA8+1056680]
	Ordinal0 [0x01273B4A+998218]
	Ordinal0 [0x01273C46+998470]
	Ordinal0 [0x01273535+996661]
	Ordinal0 [0x0127A226+1024550]
	Ordinal0 [0x012734F1+996593]
	Ordinal0 [0x01274416+1000470]
	Ordinal0 [0x0127398D+997773]
	Ordinal0 [0x01273C46+998470]
	Ordinal0 [0x01273535+996661]
	Ordinal0 [0x012792EC+1020652]
	Ordinal0 [0x012734F1+996593]
	Ordinal0 [0x01274416+1000470]
	Ordinal0 [0x0127398D+997773]
	Ordinal0 [0x01273C46+998470]
	Ordinal0 [0x01273535+996661]
	Ordinal0 [0x0126F10D+979213]
	Ordinal0 [0x012734F1+996593]
	Ordinal0 [0x01273290+995984]
	Ordinal0 [0x01273029+995369]
	Ordinal0 [0x012831C0+1061312]
	Ordinal0 [0x012CA93B+1354043]
	Ordinal0 [0x012C960A+1349130]
	Ordinal0 [0x012C551B+1332507]
	Ordinal0 [0x012A1D74+1187188]
	Ordinal0 [0x012A2BD9+1190873]
	GetHandleVerifier [0x0155EFE6+1504438]
	GetHandleVerifier [0x0160DDA5+2220661]
	GetHandleVerifier [0x01465589+481881]
	GetHandleVerifier [0x01464639+477961]
	Ordinal0 [0x013828BD+2107581]
	Ordinal0 [0x01386728+2123560]
	Ordinal0 [0x01386862+2123874]
	Ordinal0 [0x0138FA81+2161281]
	BaseThreadInitThunk [0x77578744+36]
	RtlGetAppContainerNamedObjectPath [0x778758ED+253]
	RtlGetAppContainerNamedObjectPath [0x778758BD+205]
" type="org.openqa.selenium.SessionNotCreatedException">
      <![CDATA[org.openqa.selenium.SessionNotCreatedException: session not created
from disconnected: unable to send message to renderer
  (Session info: chrome=92.0.4515.159)
Build info: version: '3.141.59', revision: 'e82be7d358', time: '2018-11-14T08:25:53'
System info: host: 'DESKTOP-7GLCUIV', ip: '172.16.16.76', os.name: 'Windows 10', os.arch: 'amd64', os.version: '10.0', java.version: '15.0.2'
Driver info: driver.version: ChromeDriver
remote stacktrace: Backtrace:
Ordinal0 [0x013E2A33+2501171]
Ordinal0 [0x0137D1C1+2085313]
Ordinal0 [0x01281FA8+1056680]
Ordinal0 [0x01273B4A+998218]
Ordinal0 [0x01273C46+998470]
Ordinal0 [0x01273535+996661]
Ordinal0 [0x0127A226+1024550]
Ordinal0 [0x012734F1+996593]
Ordinal0 [0x01274416+1000470]
Ordinal0 [0x0127398D+997773]
Ordinal0 [0x01273C46+998470]
Ordinal0 [0x01273535+996661]
Ordinal0 [0x012792EC+1020652]
Ordinal0 [0x012734F1+996593]
Ordinal0 [0x01274416+1000470]
Ordinal0 [0x0127398D+997773]
Ordinal0 [0x01273C46+998470]
Ordinal0 [0x01273535+996661]
Ordinal0 [0x0126F10D+979213]
Ordinal0 [0x012734F1+996593]
Ordinal0 [0x01273290+995984]
Ordinal0 [0x01273029+995369]
Ordinal0 [0x012831C0+1061312]
Ordinal0 [0x012CA93B+1354043]
Ordinal0 [0x012C960A+1349130]
Ordinal0 [0x012C551B+1332507]
Ordinal0 [0x012A1D74+1187188]
Ordinal0 [0x012A2BD9+1190873]
GetHandleVerifier [0x0155EFE6+1504438]
GetHandleVerifier [0x0160DDA5+2220661]
GetHandleVerifier [0x01465589+481881]
GetHandleVerifier [0x01464639+477961]
Ordinal0 [0x013828BD+2107581]
Ordinal0 [0x01386728+2123560]
Ordinal0 [0x01386862+2123874]
Ordinal0 [0x0138FA81+2161281]
BaseThreadInitThunk [0x77578744+36]
RtlGetAppContainerNamedObjectPath [0x778758ED+253]
RtlGetAppContainerNamedObjectPath [0x778758BD+205]

at java.base/jdk.internal.reflect.NativeConstructorAccessorImpl.newInstance0(Native Method)
at java.base/jdk.internal.reflect.NativeConstructorAccessorImpl.newInstance(NativeConstructorAccessorImpl.java:64)
at java.base/jdk.internal.reflect.DelegatingConstructorAccessorImpl.newInstance(DelegatingConstructorAccessorImpl.java:45)
at java.base/java.lang.reflect.Constructor.newInstanceWithCaller(Constructor.java:500)
at java.base/java.lang.reflect.Constructor.newInstance(Constructor.java:481)
at org.openqa.selenium.remote.W3CHandshakeResponse.lambda$errorHandler$0(W3CHandshakeResponse.java:62)
at org.openqa.selenium.remote.HandshakeResponse.lambda$getResponseFunction$0(HandshakeResponse.java:30)
at org.openqa.selenium.remote.ProtocolHandshake.lambda$createSession$0(ProtocolHandshake.java:126)
at java.base/java.util.stream.ReferencePipeline$3$1.accept(ReferencePipeline.java:195)
at java.base/java.util.Spliterators$ArraySpliterator.tryAdvance(Spliterators.java:958)
at java.base/java.util.stream.ReferencePipeline.forEachWithCancel(ReferencePipeline.java:127)
at java.base/java.util.stream.AbstractPipeline.copyIntoWithCancel(AbstractPipeline.java:502)
at java.base/java.util.stream.AbstractPipeline.copyInto(AbstractPipeline.java:488)
at java.base/java.util.stream.AbstractPipeline.wrapAndCopyInto(AbstractPipeline.java:474)
at java.base/java.util.stream.FindOps$FindOp.evaluateSequential(FindOps.java:150)
at java.base/java.util.stream.AbstractPipeline.evaluate(AbstractPipeline.java:234)
at java.base/java.util.stream.ReferencePipeline.findFirst(ReferencePipeline.java:543)
at org.openqa.selenium.remote.ProtocolHandshake.createSession(ProtocolHandshake.java:128)
at org.openqa.selenium.remote.ProtocolHandshake.createSession(ProtocolHandshake.java:74)
at org.openqa.selenium.remote.HttpCommandExecutor.execute(HttpCommandExecutor.java:136)
at org.openqa.selenium.remote.service.DriverCommandExecutor.execute(DriverCommandExecutor.java:83)
at org.openqa.selenium.remote.RemoteWebDriver.execute(RemoteWebDriver.java:552)
at org.openqa.selenium.remote.RemoteWebDriver.startSession(RemoteWebDriver.java:213)
at org.openqa.selenium.remote.RemoteWebDriver.<init>(RemoteWebDriver.java:131)
at org.openqa.selenium.chrome.ChromeDriver.<init>(ChromeDriver.java:181)
at org.openqa.selenium.chrome.ChromeDriver.<init>(ChromeDriver.java:168)
at org.openqa.selenium.chrome.ChromeDriver.<init>(ChromeDriver.java:123)
at scriptOnTestCase.BaseClass.CreateProductOrder(BaseClass.java:17)
at java.base/jdk.internal.reflect.NativeMethodAccessorImpl.invoke0(Native Method)
at java.base/jdk.internal.reflect.NativeMethodAccessorImpl.invoke(NativeMethodAccessorImpl.java:64)
at java.base/jdk.internal.reflect.DelegatingMethodAccessorImpl.invoke(DelegatingMethodAccessorImpl.java:43)
at java.base/java.lang.reflect.Method.invoke(Method.java:564)
at org.testng.internal.MethodInvocationHelper.invokeMethod(MethodInvocationHelper.java:133)
at org.testng.internal.MethodInvocationHelper.invokeMethodConsideringTimeout(MethodInvocationHelper.java:62)
at org.testng.internal.ConfigInvoker.invokeConfigurationMethod(ConfigInvoker.java:385)
at org.testng.internal.ConfigInvoker.invokeConfigurations(ConfigInvoker.java:321)
at org.testng.internal.TestMethodWorker.invokeBeforeClassMethods(TestMethodWorker.java:176)
at org.testng.internal.TestMethodWorker.run(TestMethodWorker.java:122)
at java.base/java.util.ArrayList.forEach(ArrayList.java:1511)
at org.testng.TestRunner.privateRun(TestRunner.java:794)
at org.testng.TestRunner.run(TestRunner.java:596)
at org.testng.SuiteRunner.runTest(SuiteRunner.java:377)
at org.testng.SuiteRunner.runSequentially(SuiteRunner.java:371)
at org.testng.SuiteRunner.privateRun(SuiteRunner.java:332)
at org.testng.SuiteRunner.run(SuiteRunner.java:276)
at org.testng.SuiteRunnerWorker.runSuite(SuiteRunnerWorker.java:53)
at org.testng.SuiteRunnerWorker.run(SuiteRunnerWorker.java:96)
at org.testng.TestNG.runSuitesSequentially(TestNG.java:1212)
at org.testng.TestNG.runSuitesLocally(TestNG.java:1134)
at org.testng.TestNG.runSuites(TestNG.java:1063)
at org.testng.TestNG.run(TestNG.java:1031)
at org.testng.remote.AbstractRemoteTestNG.run(AbstractRemoteTestNG.java:115)
at org.testng.remote.RemoteTestNG.initAndRun(RemoteTestNG.java:251)
at org.testng.remote.RemoteTestNG.main(RemoteTestNG.java:77)
]]>
    </error>
  </testcase> <!-- CreateProductOrder -->
  <system-out/>
  <testcase classname="scriptOnTestCase.TC_01Test" name="CreateProduct" time="0.000">
    <skipped/>
  </testcase> <!-- CreateProduct -->
  <system-out/>
</testsuite> <!-- scriptOnTestCase.TC_01Test -->
