<?xml version="1.0" encoding="UTF-8"?>
<testng-results ignored="0" total="1" passed="1" failed="0" skipped="0">
  <reporter-output>
  </reporter-output>
  <suite started-at="2021-08-23T12:36:12 IST" name="Default suite" finished-at="2021-08-23T12:42:57 IST" duration-ms="404737">
    <groups>
    </groups>
    <test started-at="2021-08-23T12:36:12 IST" name="Default test" finished-at="2021-08-23T12:42:57 IST" duration-ms="404737">
      <class name="scriptOnTestCase.TC_01Test">
        <test-method is-config="true" signature="CreateProductOrder()[pri:0, instance:scriptOnTestCase.TC_01Test@429bffaa]" started-at="2021-08-23T12:36:13 IST" name="CreateProductOrder" finished-at="2021-08-23T12:36:28 IST" duration-ms="15738" status="PASS">
          <reporter-output>
          </reporter-output>
        </test-method> <!-- CreateProductOrder -->
        <test-method signature="CreateProduct()[pri:0, instance:scriptOnTestCase.TC_01Test@429bffaa]" started-at="2021-08-23T12:36:28 IST" name="CreateProduct" finished-at="2021-08-23T12:42:37 IST" duration-ms="368672" status="PASS">
          <reporter-output>
          </reporter-output>
        </test-method> <!-- CreateProduct -->
        <test-method is-config="true" signature="Logout()[pri:0, instance:scriptOnTestCase.TC_01Test@429bffaa]" started-at="2021-08-23T12:42:37 IST" name="Logout" finished-at="2021-08-23T12:42:55 IST" duration-ms="18002" status="PASS">
          <reporter-output>
          </reporter-output>
        </test-method> <!-- Logout -->
        <test-method is-config="true" signature="closeApp()[pri:0, instance:scriptOnTestCase.TC_01Test@429bffaa]" started-at="2021-08-23T12:42:55 IST" name="closeApp" finished-at="2021-08-23T12:42:57 IST" duration-ms="1874" status="PASS">
          <reporter-output>
          </reporter-output>
        </test-method> <!-- closeApp -->
      </class> <!-- scriptOnTestCase.TC_01Test -->
    </test> <!-- Default test -->
  </suite> <!-- Default suite -->
</testng-results>
