<?xml version="1.0" encoding="UTF-8"?>
<testng-results ignored="0" total="1" passed="1" failed="0" skipped="0">
  <reporter-output>
  </reporter-output>
  <suite started-at="2022-01-04T16:21:37 IST" name="Default suite" finished-at="2022-01-04T16:21:38 IST" duration-ms="161">
    <groups>
    </groups>
    <test started-at="2022-01-04T16:21:37 IST" name="Default test" finished-at="2022-01-04T16:21:38 IST" duration-ms="161">
      <class name="jenkins.Testscript_01Test">
        <test-method signature="login()[pri:0, instance:jenkins.Testscript_01Test@26275bef]" started-at="2022-01-04T16:21:37 IST" name="login" finished-at="2022-01-04T16:21:38 IST" duration-ms="28" status="PASS">
          <reporter-output>
          </reporter-output>
        </test-method> <!-- login -->
      </class> <!-- jenkins.Testscript_01Test -->
    </test> <!-- Default test -->
  </suite> <!-- Default suite -->
</testng-results>
